Build started 1/19/2016 11:08:32 PM.
     1>Project "C:\Users\Hassan\Downloads\Snake Game\hw0-windows\hw0-windows.vcxproj" on node 2 (Build target(s)).
     1>C:\Program Files (x86)\MSBuild\Microsoft.Cpp\v4.0\V140\Microsoft.CppBuild.targets(392,5): warning MSB8028: The intermediate directory (Debug\) contains files shared from another project (bSlayer.vcxproj, hw0-windows.vcxproj).  This can lead to incorrect clean and rebuild behavior.
     1>ClCompile:
         C:\Program Files (x86)\Microsoft Visual Studio 14.0\VC\bin\CL.exe /c /ZI /nologo /W3 /WX- /Od /Oy- /D _MBCS /Gm /EHsc /RTC1 /MDd /GS /fp:precise /Zc:wchar_t /Zc:forScope /Zc:inline /Fo"Debug\\" /Fd"Debug\vc140.pdb" /Gd /TP /analyze- /errorReport:prompt "Snake Game.cpp" util.cpp
         util.cpp
     1>c:\users\hassan\downloads\snake game\hw0-windows\util.h(284): warning C4838: conversion from 'double' to 'float' requires a narrowing conversion
     1>c:\users\hassan\downloads\snake game\hw0-windows\util.cpp(132): warning C4018: '<': signed/unsigned mismatch
     1>c:\users\hassan\downloads\snake game\hw0-windows\util.cpp(264): warning C4838: conversion from 'int' to 'float' requires a narrowing conversion
         Snake Game.cpp
     1>c:\users\hassan\downloads\snake game\hw0-windows\util.h(284): warning C4838: conversion from 'double' to 'float' requires a narrowing conversion
     1>c:\users\hassan\downloads\snake game\hw0-windows\snake game.cpp(338): warning C4996: 'scanf': This function or variable may be unsafe. Consider using scanf_s instead. To disable deprecation, use _CRT_SECURE_NO_WARNINGS. See online help for details.
         c:\program files (x86)\windows kits\10\include\10.0.10150.0\ucrt\stdio.h(1270): note: see declaration of 'scanf'
         Generating Code...
       Link:
         C:\Program Files (x86)\Microsoft Visual Studio 14.0\VC\bin\link.exe /ERRORREPORT:PROMPT /OUT:"C:\Users\Hassan\Downloads\Snake Game\Debug\Snake Game.exe" /INCREMENTAL /NOLOGO /LIBPATH:.\lib kernel32.lib user32.lib gdi32.lib winspool.lib comdlg32.lib advapi32.lib shell32.lib ole32.lib oleaut32.lib uuid.lib odbc32.lib odbccp32.lib kernel32.lib user32.lib gdi32.lib winspool.lib comdlg32.lib advapi32.lib shell32.lib ole32.lib oleaut32.lib uuid.lib odbc32.lib odbccp32.lib glew32.lib glut32.lib glu32.lib opengl32.lib FreeImage.lib /MANIFEST /MANIFESTUAC:"level='asInvoker' uiAccess='false'" /manifest:embed /Debug /PDB:"C:\Users\Hassan\Downloads\Snake Game\Debug\Snake Game.pdb" /TLBID:1 /DYNAMICBASE /NXCOMPAT /IMPLIB:"C:\Users\Hassan\Downloads\Snake Game\Debug\Snake Game.lib" /MACHINE:X86 "Debug\Snake Game.obj"
         Debug\util.obj
         hw0-windows.vcxproj -> C:\Users\Hassan\Downloads\Snake Game\Debug\Snake Game.exe
     1>Done Building Project "C:\Users\Hassan\Downloads\Snake Game\hw0-windows\hw0-windows.vcxproj" (Build target(s)).

Build succeeded.

Time Elapsed 00:00:06.74
